[1643756400] LOG ROTATION: DAILY
[1643756400] LOG VERSION: 2.0
[1643756400] CURRENT HOST STATE: localhost;UP;HARD;1;PING OK -  Paquets perdus = 0%, RTA = 0.10 ms
[1643756400] CURRENT SERVICE STATE: localhost;Current Load;OK;HARD;1;OK - Charge moyenne: 0.39, 1.22, 1.66
[1643756400] CURRENT SERVICE STATE: localhost;Current Users;OK;HARD;1;UTILISATEURS OK - 3 utilisateurs actuellement connectés sur
[1643756400] CURRENT SERVICE STATE: localhost;HTTP;OK;HARD;1;HTTP OK: HTTP/1.1 302 Found - 420 octets en 0,003 secondes de temps de réponse
[1643756400] CURRENT SERVICE STATE: localhost;PING;OK;HARD;1;PING OK -  Paquets perdus = 0%, RTA = 0.11 ms
[1643756400] CURRENT SERVICE STATE: localhost;Root Partition;OK;HARD;1;DISK OK - free space: / 30727 MB (60% inode=97%):
[1643756400] CURRENT SERVICE STATE: localhost;SSH;OK;HARD;1;SSH OK - OpenSSH_7.4 (protocol 2.0)
[1643756400] CURRENT SERVICE STATE: localhost;Swap Usage;OK;HARD;1;SWAP OK - 15% libre (529 MB sur un total de 3711 MB)
[1643756400] CURRENT SERVICE STATE: localhost;Total Processes;OK;HARD;1;PROCS OK: 87 processus avec ETAT = RSZDT
[1643758156] Auto-save of retention data completed successfully.
[1643761756] Auto-save of retention data completed successfully.
[1643765356] Auto-save of retention data completed successfully.
[1643768956] Auto-save of retention data completed successfully.
[1643772556] Auto-save of retention data completed successfully.
[1643776156] Auto-save of retention data completed successfully.
[1643779756] Auto-save of retention data completed successfully.
[1643783356] Auto-save of retention data completed successfully.
[1643786956] Auto-save of retention data completed successfully.
[1643790556] Auto-save of retention data completed successfully.
[1643794156] Auto-save of retention data completed successfully.
[1643797756] Auto-save of retention data completed successfully.
[1643801356] Auto-save of retention data completed successfully.
[1643804956] Auto-save of retention data completed successfully.
[1643806465] SERVICE ALERT: localhost;Total Processes;CRITICAL;SOFT;1;CRITICAL - Le plugin n'as pas répondu dans les 10 secondes
[1643806513] SERVICE ALERT: localhost;Total Processes;OK;SOFT;2;PROCS OK: 106 processus avec ETAT = RSZDT
[1643806672] SERVICE ALERT: localhost;Current Load;CRITICAL;SOFT;1;CRITICAL - Charge moyenne: 6.18, 14.01, 7.72
[1643806732] SERVICE ALERT: localhost;Current Load;CRITICAL;SOFT;2;CRITICAL - Charge moyenne: 2.78, 11.62, 7.29
[1643806792] SERVICE ALERT: localhost;Current Load;CRITICAL;SOFT;3;CRITICAL - Charge moyenne: 1.30, 9.61, 6.87
[1643806852] SERVICE ALERT: localhost;Current Load;CRITICAL;HARD;4;CRITICAL - Charge moyenne: 1.34, 8.16, 6.55
[1643806852] SERVICE NOTIFICATION: nagiosadmin;localhost;Current Load;CRITICAL;notify-service-by-email;CRITICAL - Charge moyenne: 1.34, 8.16, 6.55
[1643807452] SERVICE ALERT: localhost;Current Load;WARNING;HARD;4;WARNING - Charge moyenne: 0.77, 1.98, 3.95
[1643807452] SERVICE NOTIFICATION: nagiosadmin;localhost;Current Load;WARNING;notify-service-by-email;WARNING - Charge moyenne: 0.77, 1.98, 3.95
[1643807752] SERVICE ALERT: localhost;Current Load;OK;HARD;4;OK - Charge moyenne: 0.36, 0.92, 2.94
[1643807752] SERVICE NOTIFICATION: nagiosadmin;localhost;Current Load;OK;notify-service-by-email;OK - Charge moyenne: 0.36, 0.92, 2.94
[1643808556] Auto-save of retention data completed successfully.
[1643812156] Auto-save of retention data completed successfully.
[1643815756] Auto-save of retention data completed successfully.
[1643819356] Auto-save of retention data completed successfully.
[1643822956] Auto-save of retention data completed successfully.
[1643826556] Auto-save of retention data completed successfully.
[1643830156] Auto-save of retention data completed successfully.
[1643833756] Auto-save of retention data completed successfully.
[1643837356] Auto-save of retention data completed successfully.
[1643839852] SERVICE ALERT: localhost;Current Load;WARNING;SOFT;1;WARNING - Charge moyenne: 7.29, 4.33, 2.27
[1643839912] SERVICE ALERT: localhost;Current Load;OK;SOFT;2;OK - Charge moyenne: 2.75, 3.56, 2.13
[1643840956] Auto-save of retention data completed successfully.
[1643842110] SERVICE ALERT: localhost;Swap Usage;CRITICAL;SOFT;1;SWAP CRITICAL - 0% libre (0 MB sur un total de 3711 MB)
[1643842170] SERVICE ALERT: localhost;Swap Usage;OK;SOFT;2;SWAP OK - 1% libre (0 MB sur un total de 3711 MB)
[1643842470] SERVICE ALERT: localhost;Swap Usage;CRITICAL;SOFT;1;SWAP CRITICAL - 0% libre (0 MB sur un total de 3711 MB)
[1643842530] SERVICE ALERT: localhost;Swap Usage;CRITICAL;SOFT;2;SWAP CRITICAL - 0% libre (0 MB sur un total de 3711 MB)
[1643842590] SERVICE ALERT: localhost;Swap Usage;OK;SOFT;3;SWAP OK - 1% libre (0 MB sur un total de 3711 MB)
